<?xml version="1.0" encoding="UTF-8"?>
<!-- Generated by org.testng.reporters.JUnitReportReporter -->
<testsuite hostname="DESKTOP-ADC0TJP" failures="0" tests="3" name="testNgpack.TestNgClass" time="17.418" errors="0" timestamp="2023-03-17T00:52:46 IST" skipped="0">
  <testcase classname="testNgpack.TestNgClass" name="verifyTheTextPresentOnForgotPasswordPage" time="3.584"/>
  <system-out/>
  <testcase classname="testNgpack.TestNgClass" name="verifyCancelButtonOfForgotPasswordPage" time="6.299"/>
  <system-out/>
  <testcase classname="testNgpack.TestNgClass" name="verifySearchButtonOnForgotPasswordPage" time="7.535"/>
  <system-out/>
</testsuite> <!-- testNgpack.TestNgClass -->
